Arguments: 
  /usr/local/Cellar/node/14.3.0_1/bin/node /usr/local/Cellar/yarn/1.22.4/libexec/bin/yarn.js add @easemob-websdk@3.5.2-beta

PATH: 
  /usr/local/bin:/usr/bin:/bin:/usr/sbin:/sbin:/Library/Apple/usr/bin

Yarn version: 
  1.22.4

Node version: 
  14.3.0

Platform: 
  darwin x64

Trace: 
  Error: https://registry.yarnpkg.com/@easemob-websdk: Request "https://registry.yarnpkg.com/@easemob-websdk" returned a 405
      at Request.params.callback [as _callback] (/usr/local/Cellar/yarn/1.22.4/libexec/lib/cli.js:66996:18)
      at Request.self.callback (/usr/local/Cellar/yarn/1.22.4/libexec/lib/cli.js:140748:22)
      at Request.emit (events.js:315:20)
      at Request.<anonymous> (/usr/local/Cellar/yarn/1.22.4/libexec/lib/cli.js:141720:10)
      at Request.emit (events.js:315:20)
      at IncomingMessage.<anonymous> (/usr/local/Cellar/yarn/1.22.4/libexec/lib/cli.js:141642:12)
      at Object.onceWrapper (events.js:421:28)
      at IncomingMessage.emit (events.js:327:22)
      at endReadableNT (_stream_readable.js:1224:12)
      at processTicksAndRejections (internal/process/task_queues.js:84:21)

npm manifest: 
  {
    "dependencies": {
      "easemob-websdk": "3.5.0"
    }
  }

yarn manifest: 
  No manifest

Lockfile: 
  # THIS IS AN AUTOGENERATED FILE. DO NOT EDIT THIS FILE DIRECTLY.
  # yarn lockfile v1
  
  
  easemob-websdk@3.5.0:
    version "3.5.0"
    resolved "https://registry.yarnpkg.com/easemob-websdk/-/easemob-websdk-3.5.0.tgz#07814faf3473eae70d4edfaf2d24b64815239bf1"
    integrity sha512-92bVl7o7nu/peGOcZIp2PZVEzP8IAHLkez+caktyQbbCis8qEGozYoQ7iDUyXoza0OleDVKK3gYXFVcUQrVBmg==
